[31merror[39m | 20231002 20:29:42 | POST en "/users/login" - function toLocaleTimeString() { [native code] }
[41m[30mfatal[39m[49m | 20231002 20:29:42 | POST en "/users/login" - function toLocaleTimeString() { [native code] }
[31merror[39m | 20231002 20:29:42 | POST en "/users/login" - function toLocaleTimeString() { [native code] }
[41m[30mfatal[39m[49m | 20231002 20:29:42 | POST en "/users/login" - function toLocaleTimeString() { [native code] }
[31merror[39m | 20231002 20:29:42 | GET en "/error-login" - function toLocaleTimeString() { [native code] }
[41m[30mfatal[39m[49m | 20231002 20:29:42 | GET en "/error-login" - function toLocaleTimeString() { [native code] }
[31merror[39m | 20231002 20:29:42 | GET en "/error-login" - function toLocaleTimeString() { [native code] }
[41m[30mfatal[39m[49m | 20231002 20:29:42 | GET en "/error-login" - function toLocaleTimeString() { [native code] }
[31merror[39m | 20231002 20:30:33 | GET en "/login" - Mon Oct 02 2023 20:30:33 GMT-0300 (hora estándar de Argentina)
[41m[30mfatal[39m[49m | 20231002 20:30:33 | GET en "/login" - Mon Oct 02 2023 20:30:33 GMT-0300 (hora estándar de Argentina)
[31merror[39m | 20231002 20:30:33 | GET en "/login" - Mon Oct 02 2023 20:30:33 GMT-0300 (hora estándar de Argentina)
[41m[30mfatal[39m[49m | 20231002 20:30:33 | GET en "/login" - Mon Oct 02 2023 20:30:33 GMT-0300 (hora estándar de Argentina)
[31merror[39m | 20231002 20:31:26 | POST en "/users/login"
[41m[30mfatal[39m[49m | 20231002 20:31:26 | POST en "/users/login"
[31merror[39m | 20231002 20:31:26 | POST en "/users/login"
[41m[30mfatal[39m[49m | 20231002 20:31:26 | POST en "/users/login"
[31merror[39m | 20231002 20:31:26 | GET en "/error-login"
[41m[30mfatal[39m[49m | 20231002 20:31:26 | GET en "/error-login"
[31merror[39m | 20231002 20:31:26 | GET en "/error-login"
[41m[30mfatal[39m[49m | 20231002 20:31:26 | GET en "/error-login"
[31merror[39m | 20231002 20:31:57 | GET en "/login" | undefined
[41m[30mfatal[39m[49m | 20231002 20:31:57 | GET en "/login" | undefined
[31merror[39m | 20231002 20:31:57 | GET en "/login" | undefined
[41m[30mfatal[39m[49m | 20231002 20:31:57 | GET en "/login" | undefined
[31merror[39m | 20231002 20:32:31 | POST en "/users/login" | undefined
[41m[30mfatal[39m[49m | 20231002 20:32:31 | POST en "/users/login" | undefined
[31merror[39m | 20231002 20:32:31 | POST en "/users/login" | undefined
[41m[30mfatal[39m[49m | 20231002 20:32:31 | POST en "/users/login" | undefined
[31merror[39m | 20231002 20:32:31 | GET en "/error-login" | undefined
[41m[30mfatal[39m[49m | 20231002 20:32:31 | GET en "/error-login" | undefined
[31merror[39m | 20231002 20:32:31 | GET en "/error-login" | undefined
[41m[30mfatal[39m[49m | 20231002 20:32:31 | GET en "/error-login" | undefined
[31merror[39m | 20231002 20:32:39 | GET en "/login" | undefined
[41m[30mfatal[39m[49m | 20231002 20:32:39 | GET en "/login" | undefined
[31merror[39m | 20231002 20:32:39 | GET en "/login" | undefined
[41m[30mfatal[39m[49m | 20231002 20:32:39 | GET en "/login" | undefined
[31merror[39m | 20231002 20:33:31 | POST en "/users/login" | undefined
[41m[30mfatal[39m[49m | 20231002 20:33:31 | POST en "/users/login" | undefined
[31merror[39m | 20231002 20:33:31 | POST en "/users/login" | undefined
[41m[30mfatal[39m[49m | 20231002 20:33:31 | POST en "/users/login" | undefined
[31merror[39m | 20231002 20:33:31 | GET en "/error-login" | undefined
[41m[30mfatal[39m[49m | 20231002 20:33:31 | GET en "/error-login" | undefined
[31merror[39m | 20231002 20:33:31 | GET en "/error-login" | undefined
[41m[30mfatal[39m[49m | 20231002 20:33:31 | GET en "/error-login" | undefined
[31merror[39m | 20231002 20:34:05 | GET en "/login" | undefined
[41m[30mfatal[39m[49m | 20231002 20:34:05 | GET en "/login" | undefined
[31merror[39m | 20231002 20:34:05 | GET en "/login" | undefined
[41m[30mfatal[39m[49m | 20231002 20:34:05 | GET en "/login" | undefined
[31merror[39m | 20231002 20:34:31 | POST en "/users/login" | undefined
[41m[30mfatal[39m[49m | 20231002 20:34:31 | POST en "/users/login" | undefined
[31merror[39m | 20231002 20:34:31 | POST en "/users/login" | undefined
[41m[30mfatal[39m[49m | 20231002 20:34:31 | POST en "/users/login" | undefined
[31merror[39m | 20231002 20:34:31 | GET en "/error-login" | undefined
[41m[30mfatal[39m[49m | 20231002 20:34:31 | GET en "/error-login" | undefined
[31merror[39m | 20231002 20:34:31 | GET en "/error-login" | undefined
[41m[30mfatal[39m[49m | 20231002 20:34:31 | GET en "/error-login" | undefined
[31merror[39m | 20231002 20:35:43 | GET en "/login"
[41m[30mfatal[39m[49m | 20231002 20:35:43 | GET en "/login"
[31merror[39m | 20231002 20:35:43 | GET en "/login"
[41m[30mfatal[39m[49m | 20231002 20:35:43 | GET en "/login"
[31merror[39m | 20231002 20:35:47 | GET en "/users/github"
[41m[30mfatal[39m[49m | 20231002 20:35:47 | GET en "/users/github"
[31merror[39m | 20231002 20:35:47 | GET en "/users/github"
[41m[30mfatal[39m[49m | 20231002 20:35:47 | GET en "/users/github"
[31merror[39m | 20231002 20:35:48 | GET en "/users/githubcallback?code=330bba9572a239a2617d"
[41m[30mfatal[39m[49m | 20231002 20:35:48 | GET en "/users/githubcallback?code=330bba9572a239a2617d"
[31merror[39m | 20231002 20:35:48 | GET en "/users/githubcallback?code=330bba9572a239a2617d"
[41m[30mfatal[39m[49m | 20231002 20:35:48 | GET en "/users/githubcallback?code=330bba9572a239a2617d"
[31merror[39m | 20231002 20:35:49 | GET en "/products"
[41m[30mfatal[39m[49m | 20231002 20:35:49 | GET en "/products"
[31merror[39m | 20231002 20:35:49 | GET en "/products"
[41m[30mfatal[39m[49m | 20231002 20:35:49 | GET en "/products"
[31merror[39m | 20231002 20:38:57 | GET en "/products"
[41m[30mfatal[39m[49m | 20231002 20:38:57 | GET en "/products"
[31merror[39m | 20231002 20:38:57 | GET en "/products"
[41m[30mfatal[39m[49m | 20231002 20:38:57 | GET en "/products"
[31merror[39m | 20231002 20:41:08 | GET en "/products"
[41m[30mfatal[39m[49m | 20231002 20:41:08 | GET en "/products"
[31merror[39m | 20231002 20:41:08 | GET en "/products"
[41m[30mfatal[39m[49m | 20231002 20:41:08 | GET en "/products"
[31merror[39m | 20231002 20:41:08 | GET en "/alt=%22product-image%22"
[41m[30mfatal[39m[49m | 20231002 20:41:08 | GET en "/alt=%22product-image%22"
[31merror[39m | 20231002 20:41:08 | GET en "/alt=%22product-image%22"
[41m[30mfatal[39m[49m | 20231002 20:41:08 | GET en "/alt=%22product-image%22"
[31merror[39m | 20231002 20:49:25 | GET en "/products"
[41m[30mfatal[39m[49m | 20231002 20:49:25 | GET en "/products"
[31merror[39m | 20231002 20:49:25 | GET en "/products"
[41m[30mfatal[39m[49m | 20231002 20:49:25 | GET en "/products"
[31merror[39m | 20231002 20:49:25 | GET en "/"
[41m[30mfatal[39m[49m | 20231002 20:49:25 | GET en "/"
[31merror[39m | 20231002 20:49:25 | GET en "/"
[41m[30mfatal[39m[49m | 20231002 20:49:25 | GET en "/"
[31merror[39m | 20231002 20:49:36 | POST en "/users/login"
[41m[30mfatal[39m[49m | 20231002 20:49:36 | POST en "/users/login"
[31merror[39m | 20231002 20:49:36 | POST en "/users/login"
[41m[30mfatal[39m[49m | 20231002 20:49:36 | POST en "/users/login"
[31merror[39m | 20231002 20:49:36 | GET en "/error-login"
[41m[30mfatal[39m[49m | 20231002 20:49:36 | GET en "/error-login"
[31merror[39m | 20231002 20:49:36 | GET en "/error-login"
[41m[30mfatal[39m[49m | 20231002 20:49:36 | GET en "/error-login"
[31merror[39m | 20231002 20:52:22 | GET en "/login"
[41m[30mfatal[39m[49m | 20231002 20:52:22 | GET en "/login"
[31merror[39m | 20231002 20:52:22 | GET en "/login"
[41m[30mfatal[39m[49m | 20231002 20:52:22 | GET en "/login"
[31merror[39m | 20231002 20:52:24 | POST en "/users/login"
[41m[30mfatal[39m[49m | 20231002 20:52:24 | POST en "/users/login"
[31merror[39m | 20231002 20:52:24 | POST en "/users/login"
[41m[30mfatal[39m[49m | 20231002 20:52:24 | POST en "/users/login"
[31merror[39m | 20231002 20:52:24 | GET en "/error-login"
[41m[30mfatal[39m[49m | 20231002 20:52:24 | GET en "/error-login"
[31merror[39m | 20231002 20:52:24 | GET en "/error-login"
[41m[30mfatal[39m[49m | 20231002 20:52:24 | GET en "/error-login"
[31merror[39m | 20231002 20:52:52 | GET en "/login"
[41m[30mfatal[39m[49m | 20231002 20:52:52 | GET en "/login"
[31merror[39m | 20231002 20:52:52 | GET en "/login"
[41m[30mfatal[39m[49m | 20231002 20:52:52 | GET en "/login"
[31merror[39m | 20231002 20:52:58 | POST en "/users/login"
[41m[30mfatal[39m[49m | 20231002 20:52:58 | POST en "/users/login"
[31merror[39m | 20231002 20:52:58 | POST en "/users/login"
[41m[30mfatal[39m[49m | 20231002 20:52:58 | POST en "/users/login"
[31merror[39m | 20231002 20:52:58 | GET en "/error-login"
[41m[30mfatal[39m[49m | 20231002 20:52:58 | GET en "/error-login"
[31merror[39m | 20231002 20:52:58 | GET en "/error-login"
[41m[30mfatal[39m[49m | 20231002 20:52:58 | GET en "/error-login"
[31merror[39m | 20231002 20:55:45 | GET en "/login"
[41m[30mfatal[39m[49m | 20231002 20:55:45 | GET en "/login"
[31merror[39m | 20231002 20:55:45 | GET en "/login"
[41m[30mfatal[39m[49m | 20231002 20:55:45 | GET en "/login"
[31merror[39m | 20231002 20:55:50 | POST en "/users/login"
[41m[30mfatal[39m[49m | 20231002 20:55:50 | POST en "/users/login"
[31merror[39m | 20231002 20:55:50 | POST en "/users/login"
[41m[30mfatal[39m[49m | 20231002 20:55:50 | POST en "/users/login"
[31merror[39m | 20231002 20:55:50 | GET en "/error-login"
[41m[30mfatal[39m[49m | 20231002 20:55:50 | GET en "/error-login"
[31merror[39m | 20231002 20:55:50 | GET en "/error-login"
[41m[30mfatal[39m[49m | 20231002 20:55:50 | GET en "/error-login"
[31merror[39m | 20231002 21:01:23 | GET en "/login"
[41m[30mfatal[39m[49m | 20231002 21:01:23 | GET en "/login"
[31merror[39m | 20231002 21:01:23 | GET en "/login"
[41m[30mfatal[39m[49m | 20231002 21:01:23 | GET en "/login"
[31merror[39m | 20231002 21:01:26 | POST en "/users/login"
[41m[30mfatal[39m[49m | 20231002 21:01:26 | POST en "/users/login"
[31merror[39m | 20231002 21:01:26 | POST en "/users/login"
[41m[30mfatal[39m[49m | 20231002 21:01:26 | POST en "/users/login"
[31merror[39m | 20231002 21:01:26 | GET en "/error-login"
[41m[30mfatal[39m[49m | 20231002 21:01:26 | GET en "/error-login"
[31merror[39m | 20231002 21:01:26 | GET en "/error-login"
[41m[30mfatal[39m[49m | 20231002 21:01:26 | GET en "/error-login"
[31merror[39m | 20231002 21:01:31 | GET en "/login"
[41m[30mfatal[39m[49m | 20231002 21:01:31 | GET en "/login"
[31merror[39m | 20231002 21:01:31 | GET en "/login"
[41m[30mfatal[39m[49m | 20231002 21:01:31 | GET en "/login"
[31merror[39m | 20231002 21:01:34 | POST en "/users/login"
[41m[30mfatal[39m[49m | 20231002 21:01:34 | POST en "/users/login"
[31merror[39m | 20231002 21:01:34 | POST en "/users/login"
[41m[30mfatal[39m[49m | 20231002 21:01:34 | POST en "/users/login"
[31merror[39m | 20231002 21:01:34 | GET en "/error-login"
[41m[30mfatal[39m[49m | 20231002 21:01:34 | GET en "/error-login"
[31merror[39m | 20231002 21:01:34 | GET en "/error-login"
[41m[30mfatal[39m[49m | 20231002 21:01:34 | GET en "/error-login"
[31merror[39m | 20231002 21:26:36 | GET en "/login"
[41m[30mfatal[39m[49m | 20231002 21:26:36 | GET en "/login"
[31merror[39m | 20231002 21:26:36 | GET en "/login"
[41m[30mfatal[39m[49m | 20231002 21:26:36 | GET en "/login"
[31merror[39m | 20231002 21:31:02 | GET en "/users/login"
[41m[30mfatal[39m[49m | 20231002 21:31:02 | GET en "/users/login"
[31merror[39m | 20231002 21:31:02 | GET en "/users/login"
[41m[30mfatal[39m[49m | 20231002 21:31:02 | GET en "/users/login"
[31merror[39m | 20231002 21:31:30 | GET en "/"
[41m[30mfatal[39m[49m | 20231002 21:31:31 | GET en "/"
[31merror[39m | 20231002 21:31:31 | GET en "/"
[41m[30mfatal[39m[49m | 20231002 21:31:31 | GET en "/"
[31merror[39m | 20231002 21:43:40 | POST en "/users/login"
[41m[30mfatal[39m[49m | 20231002 21:43:40 | POST en "/users/login"
[31merror[39m | 20231002 21:43:40 | POST en "/users/login"
[41m[30mfatal[39m[49m | 20231002 21:43:40 | POST en "/users/login"
[31merror[39m | 20231002 21:43:40 | GET en "/error-login"
[41m[30mfatal[39m[49m | 20231002 21:43:40 | GET en "/error-login"
[31merror[39m | 20231002 21:43:40 | GET en "/error-login"
[41m[30mfatal[39m[49m | 20231002 21:43:40 | GET en "/error-login"
[31merror[39m | 20231002 21:44:05 | GET en "/login"
[41m[30mfatal[39m[49m | 20231002 21:44:05 | GET en "/login"
[31merror[39m | 20231002 21:44:05 | GET en "/login"
[41m[30mfatal[39m[49m | 20231002 21:44:05 | GET en "/login"
[31merror[39m | 20231002 21:44:08 | POST en "/users/login"
[41m[30mfatal[39m[49m | 20231002 21:44:08 | POST en "/users/login"
[31merror[39m | 20231002 21:44:08 | POST en "/users/login"
[41m[30mfatal[39m[49m | 20231002 21:44:08 | POST en "/users/login"
[31merror[39m | 20231002 21:44:08 | GET en "/error-login"
[41m[30mfatal[39m[49m | 20231002 21:44:08 | GET en "/error-login"
[31merror[39m | 20231002 21:44:09 | GET en "/error-login"
[41m[30mfatal[39m[49m | 20231002 21:44:09 | GET en "/error-login"
[31merror[39m | 20231002 21:49:52 | GET en "/login"
[41m[30mfatal[39m[49m | 20231002 21:49:52 | GET en "/login"
[31merror[39m | 20231002 21:49:52 | GET en "/login"
[41m[30mfatal[39m[49m | 20231002 21:49:52 | GET en "/login"
[31merror[39m | 20231002 21:50:05 | GET en "/users/github"
[41m[30mfatal[39m[49m | 20231002 21:50:05 | GET en "/users/github"
[31merror[39m | 20231002 21:50:05 | GET en "/users/github"
[41m[30mfatal[39m[49m | 20231002 21:50:05 | GET en "/users/github"
[31merror[39m | 20231002 21:50:06 | GET en "/users/githubcallback?code=1b211698fc6907c04999"
[41m[30mfatal[39m[49m | 20231002 21:50:06 | GET en "/users/githubcallback?code=1b211698fc6907c04999"
[31merror[39m | 20231002 21:50:06 | GET en "/users/githubcallback?code=1b211698fc6907c04999"
[41m[30mfatal[39m[49m | 20231002 21:50:06 | GET en "/users/githubcallback?code=1b211698fc6907c04999"
[31merror[39m | 20231002 21:50:08 | GET en "/products"
[41m[30mfatal[39m[49m | 20231002 21:50:08 | GET en "/products"
[31merror[39m | 20231002 21:50:09 | GET en "/products"
[41m[30mfatal[39m[49m | 20231002 21:50:09 | GET en "/products"
[31merror[39m | 20231002 21:50:10 | GET en "/alt=%22product-image%22"
[41m[30mfatal[39m[49m | 20231002 21:50:10 | GET en "/alt=%22product-image%22"
[31merror[39m | 20231002 21:50:10 | GET en "/alt=%22product-image%22"
[41m[30mfatal[39m[49m | 20231002 21:50:10 | GET en "/alt=%22product-image%22"
[31merror[39m | 20231002 21:54:49 | GET en "/products"
[41m[30mfatal[39m[49m | 20231002 21:54:49 | GET en "/products"
[31merror[39m | 20231002 21:54:49 | GET en "/products"
[41m[30mfatal[39m[49m | 20231002 21:54:49 | GET en "/products"
[31merror[39m | 20231002 21:54:50 | GET en "/alt=%22product-image%22"
[41m[30mfatal[39m[49m | 20231002 21:54:50 | GET en "/alt=%22product-image%22"
[31merror[39m | 20231002 21:54:50 | GET en "/alt=%22product-image%22"
[41m[30mfatal[39m[49m | 20231002 21:54:50 | GET en "/alt=%22product-image%22"
[31merror[39m | 20231002 21:55:25 | GET en "/products"
[41m[30mfatal[39m[49m | 20231002 21:55:25 | GET en "/products"
[31merror[39m | 20231002 21:55:26 | GET en "/products"
[41m[30mfatal[39m[49m | 20231002 21:55:26 | GET en "/products"
[31merror[39m | 20231002 21:55:26 | GET en "/alt=%22product-image%22"
[41m[30mfatal[39m[49m | 20231002 21:55:26 | GET en "/alt=%22product-image%22"
[31merror[39m | 20231002 21:55:27 | GET en "/alt=%22product-image%22"
[41m[30mfatal[39m[49m | 20231002 21:55:27 | GET en "/alt=%22product-image%22"
[31merror[39m | 20231002 22:01:21 | GET en "/products"
[41m[30mfatal[39m[49m | 20231002 22:01:21 | GET en "/products"
[31merror[39m | 20231002 22:01:21 | GET en "/products"
[41m[30mfatal[39m[49m | 20231002 22:01:21 | GET en "/products"
[31merror[39m | 20231002 22:01:21 | GET en "/"
[41m[30mfatal[39m[49m | 20231002 22:01:21 | GET en "/"
[31merror[39m | 20231002 22:01:21 | GET en "/"
[41m[30mfatal[39m[49m | 20231002 22:01:21 | GET en "/"
[31merror[39m | 20231002 22:01:24 | GET en "/users/github"
[41m[30mfatal[39m[49m | 20231002 22:01:24 | GET en "/users/github"
[31merror[39m | 20231002 22:01:24 | GET en "/users/github"
[41m[30mfatal[39m[49m | 20231002 22:01:24 | GET en "/users/github"
[31merror[39m | 20231002 22:01:25 | GET en "/users/githubcallback?code=de62f37217c9c5bfe3f5"
[41m[30mfatal[39m[49m | 20231002 22:01:25 | GET en "/users/githubcallback?code=de62f37217c9c5bfe3f5"
[31merror[39m | 20231002 22:01:25 | GET en "/users/githubcallback?code=de62f37217c9c5bfe3f5"
[41m[30mfatal[39m[49m | 20231002 22:01:25 | GET en "/users/githubcallback?code=de62f37217c9c5bfe3f5"
[31merror[39m | 20231002 22:01:26 | GET en "/products"
[41m[30mfatal[39m[49m | 20231002 22:01:26 | GET en "/products"
[31merror[39m | 20231002 22:01:27 | GET en "/products"
[41m[30mfatal[39m[49m | 20231002 22:01:27 | GET en "/products"
[31merror[39m | 20231002 22:01:27 | GET en "/alt=%22product-image%22"
[41m[30mfatal[39m[49m | 20231002 22:01:27 | GET en "/alt=%22product-image%22"
[31merror[39m | 20231002 22:01:27 | GET en "/alt=%22product-image%22"
[41m[30mfatal[39m[49m | 20231002 22:01:27 | GET en "/alt=%22product-image%22"
[31merror[39m | 20231002 22:01:31 | GET en "/products"
[41m[30mfatal[39m[49m | 20231002 22:01:31 | GET en "/products"
[31merror[39m | 20231002 22:01:31 | GET en "/products"
[41m[30mfatal[39m[49m | 20231002 22:01:31 | GET en "/products"
[31merror[39m | 20231002 22:01:32 | GET en "/alt=%22product-image%22"
[41m[30mfatal[39m[49m | 20231002 22:01:32 | GET en "/alt=%22product-image%22"
[31merror[39m | 20231002 22:01:32 | GET en "/alt=%22product-image%22"
[41m[30mfatal[39m[49m | 20231002 22:01:32 | GET en "/alt=%22product-image%22"
[31merror[39m | 20231002 22:01:36 | GET en "/products"
[41m[30mfatal[39m[49m | 20231002 22:01:36 | GET en "/products"
[31merror[39m | 20231002 22:01:36 | GET en "/products"
[41m[30mfatal[39m[49m | 20231002 22:01:36 | GET en "/products"
[31merror[39m | 20231002 22:01:36 | GET en "/alt=%22product-image%22"
[41m[30mfatal[39m[49m | 20231002 22:01:36 | GET en "/alt=%22product-image%22"
[31merror[39m | 20231002 22:01:37 | GET en "/alt=%22product-image%22"
[41m[30mfatal[39m[49m | 20231002 22:01:37 | GET en "/alt=%22product-image%22"
[31merror[39m | 20231002 22:10:33 | GET en "/products"
[41m[30mfatal[39m[49m | 20231002 22:10:33 | GET en "/products"
[31merror[39m | 20231002 22:10:35 | GET en "/products"
[41m[30mfatal[39m[49m | 20231002 22:10:35 | GET en "/products"
[31merror[39m | 20231002 22:10:36 | GET en "/alt=%22product-image%22"
[41m[30mfatal[39m[49m | 20231002 22:10:36 | GET en "/alt=%22product-image%22"
[31merror[39m | 20231002 22:10:36 | GET en "/alt=%22product-image%22"
[41m[30mfatal[39m[49m | 20231002 22:10:36 | GET en "/alt=%22product-image%22"
[31merror[39m | 20231002 22:14:13 | GET en "/products"
[41m[30mfatal[39m[49m | 20231002 22:14:13 | GET en "/products"
[31merror[39m | 20231002 22:14:13 | GET en "/products"
[41m[30mfatal[39m[49m | 20231002 22:14:13 | GET en "/products"
[31merror[39m | 20231002 22:14:13 | GET en "/"
[41m[30mfatal[39m[49m | 20231002 22:14:13 | GET en "/"
[31merror[39m | 20231002 22:14:13 | GET en "/"
[41m[30mfatal[39m[49m | 20231002 22:14:13 | GET en "/"
[31merror[39m | 20231002 22:14:15 | GET en "/users/github"
[41m[30mfatal[39m[49m | 20231002 22:14:15 | GET en "/users/github"
[31merror[39m | 20231002 22:14:15 | GET en "/users/github"
[41m[30mfatal[39m[49m | 20231002 22:14:15 | GET en "/users/github"
[31merror[39m | 20231002 22:14:16 | GET en "/users/githubcallback?code=18d17e6ca2ab932ee701"
[41m[30mfatal[39m[49m | 20231002 22:14:16 | GET en "/users/githubcallback?code=18d17e6ca2ab932ee701"
[31merror[39m | 20231002 22:14:16 | GET en "/users/githubcallback?code=18d17e6ca2ab932ee701"
[41m[30mfatal[39m[49m | 20231002 22:14:16 | GET en "/users/githubcallback?code=18d17e6ca2ab932ee701"
[31merror[39m | 20231002 22:14:18 | GET en "/products"
[41m[30mfatal[39m[49m | 20231002 22:14:18 | GET en "/products"
[31merror[39m | 20231002 22:14:19 | GET en "/products"
[41m[30mfatal[39m[49m | 20231002 22:14:19 | GET en "/products"
[31merror[39m | 20231002 22:14:19 | GET en "/alt=%22product-image%22"
[41m[30mfatal[39m[49m | 20231002 22:14:19 | GET en "/alt=%22product-image%22"
[31merror[39m | 20231002 22:14:19 | GET en "/alt=%22product-image%22"
[41m[30mfatal[39m[49m | 20231002 22:14:19 | GET en "/alt=%22product-image%22"
[31merror[39m | 20231002 22:14:50 | GET en "/products"
[41m[30mfatal[39m[49m | 20231002 22:14:50 | GET en "/products"
[31merror[39m | 20231002 22:14:51 | GET en "/products"
[41m[30mfatal[39m[49m | 20231002 22:14:51 | GET en "/products"
[31merror[39m | 20231002 22:14:53 | GET en "/alt=%22product-image%22"
[41m[30mfatal[39m[49m | 20231002 22:14:53 | GET en "/alt=%22product-image%22"
[31merror[39m | 20231002 22:14:53 | GET en "/alt=%22product-image%22"
[41m[30mfatal[39m[49m | 20231002 22:14:53 | GET en "/alt=%22product-image%22"
[31merror[39m | 20231002 22:35:59 | GET en "/products"
[41m[30mfatal[39m[49m | 20231002 22:35:59 | GET en "/products"
[31merror[39m | 20231002 22:35:59 | GET en "/products"
[41m[30mfatal[39m[49m | 20231002 22:35:59 | GET en "/products"
[31merror[39m | 20231002 22:35:59 | GET en "/"
[41m[30mfatal[39m[49m | 20231002 22:35:59 | GET en "/"
[31merror[39m | 20231002 22:35:59 | GET en "/"
[41m[30mfatal[39m[49m | 20231002 22:35:59 | GET en "/"
[31merror[39m | 20231002 22:36:01 | GET en "/users/github"
[41m[30mfatal[39m[49m | 20231002 22:36:01 | GET en "/users/github"
[31merror[39m | 20231002 22:36:01 | GET en "/users/github"
[41m[30mfatal[39m[49m | 20231002 22:36:01 | GET en "/users/github"
[31merror[39m | 20231002 22:36:01 | GET en "/users/githubcallback?code=410b9151eb98aea41c09"
[41m[30mfatal[39m[49m | 20231002 22:36:01 | GET en "/users/githubcallback?code=410b9151eb98aea41c09"
[31merror[39m | 20231002 22:36:01 | GET en "/users/githubcallback?code=410b9151eb98aea41c09"
[41m[30mfatal[39m[49m | 20231002 22:36:01 | GET en "/users/githubcallback?code=410b9151eb98aea41c09"
[31merror[39m | 20231002 22:36:02 | GET en "/products"
[41m[30mfatal[39m[49m | 20231002 22:36:02 | GET en "/products"
[31merror[39m | 20231002 22:36:03 | GET en "/products"
[41m[30mfatal[39m[49m | 20231002 22:36:03 | GET en "/products"
[31merror[39m | 20231002 22:36:03 | GET en "/alt=%22product-image%22"
[41m[30mfatal[39m[49m | 20231002 22:36:03 | GET en "/alt=%22product-image%22"
[31merror[39m | 20231002 22:36:03 | GET en "/alt=%22product-image%22"
[41m[30mfatal[39m[49m | 20231002 22:36:03 | GET en "/alt=%22product-image%22"
[31merror[39m | 20231002 22:36:16 | GET en "/products"
[41m[30mfatal[39m[49m | 20231002 22:36:16 | GET en "/products"
[31merror[39m | 20231002 22:36:16 | GET en "/products"
[41m[30mfatal[39m[49m | 20231002 22:36:16 | GET en "/products"
[31merror[39m | 20231002 22:36:17 | GET en "/alt=%22product-image%22"
[41m[30mfatal[39m[49m | 20231002 22:36:17 | GET en "/alt=%22product-image%22"
[31merror[39m | 20231002 22:36:17 | GET en "/alt=%22product-image%22"
[41m[30mfatal[39m[49m | 20231002 22:36:17 | GET en "/alt=%22product-image%22"
[31merror[39m | 20231002 22:37:14 | GET en "/products"
[41m[30mfatal[39m[49m | 20231002 22:37:14 | GET en "/products"
[31merror[39m | 20231002 22:37:14 | GET en "/products"
[41m[30mfatal[39m[49m | 20231002 22:37:14 | GET en "/products"
[31merror[39m | 20231002 22:37:14 | GET en "/alt=%22product-image%22"
[41m[30mfatal[39m[49m | 20231002 22:37:14 | GET en "/alt=%22product-image%22"
[31merror[39m | 20231002 22:37:14 | GET en "/alt=%22product-image%22"
[41m[30mfatal[39m[49m | 20231002 22:37:14 | GET en "/alt=%22product-image%22"
[31merror[39m | 20231002 22:38:45 | GET en "/products"
[41m[30mfatal[39m[49m | 20231002 22:38:45 | GET en "/products"
[31merror[39m | 20231002 22:38:45 | GET en "/products"
[41m[30mfatal[39m[49m | 20231002 22:38:45 | GET en "/products"
[31merror[39m | 20231002 22:38:45 | GET en "/alt=%22product-image%22"
[41m[30mfatal[39m[49m | 20231002 22:38:45 | GET en "/alt=%22product-image%22"
[31merror[39m | 20231002 22:38:45 | GET en "/alt=%22product-image%22"
[41m[30mfatal[39m[49m | 20231002 22:38:45 | GET en "/alt=%22product-image%22"
[31merror[39m | 20231002 22:40:04 | mensaje de prueba
